<?xml version="1.0" encoding="UTF-8"?>
<testsuite name="io.gainable.gameoflife.SimulationTest" tests="8" skipped="0" failures="0" errors="0" timestamp="2020-08-02T09:36:18" hostname="gainable" time="0.042">
  <properties/>
  <testcase name="aSingleCell__Dies()" classname="io.gainable.gameoflife.SimulationTest" time="0.018"/>
  <testcase name="aDeadCellWithThreeLiveNeighboursInTheNextGeneration__BecomesALiveCell()" classname="io.gainable.gameoflife.SimulationTest" time="0.017"/>
  <testcase name="emptyHabitat__isIdempotent()" classname="io.gainable.gameoflife.SimulationTest" time="0.002"/>
  <testcase name="aLivingCellWithTwoOrThreeLiveNeighboursInTheNextGeneration__Lives()" classname="io.gainable.gameoflife.SimulationTest" time="0.001"/>
  <testcase name="aLivingCellWithLessThanTwoLiveNeighboursInTheNextGeneration__Dies()" classname="io.gainable.gameoflife.SimulationTest" time="0.001"/>
  <testcase name="zeroHabitat__isIdempotent()" classname="io.gainable.gameoflife.SimulationTest" time="0.0"/>
  <testcase name="aSingleCellInAnEmptyEnvironment__Dies()" classname="io.gainable.gameoflife.SimulationTest" time="0.0"/>
  <testcase name="aLivingCellWithMoreThanThreeLiveNeighboursInTheNextGeneration__Dies()" classname="io.gainable.gameoflife.SimulationTest" time="0.0"/>
  <system-out><![CDATA[]]></system-out>
  <system-err><![CDATA[]]></system-err>
</testsuite>
